<?xml version="1.0" encoding="UTF-8"?>
<!-- Generated by org.testng.reporters.JUnitReportReporter -->
<testsuite hostname="LAPTOP-76PGCCB3" failures="0" tests="4" name="com.mytests.SauceTest" time="49.339" errors="0" timestamp="28 Sep 2022 12:26:28 GMT" skipped="0">
  <testcase classname="com.mytests.SauceTest" name="checkInventoryItemTest" time="13.936"/>
  <testcase classname="com.mytests.SauceTest" name="checkInventoryItemTest" time="11.930"/>
  <testcase classname="com.mytests.SauceTest" name="checkAddToCartButtonTest" time="7.765"/>
  <testcase classname="com.mytests.SauceTest" name="checkAddToCartButtonTest" time="15.708"/>
</testsuite> <!-- com.mytests.SauceTest -->
